<?xml version="1.0" encoding="UTF-8"?>
<testsuite xmlns:xsi="http://www.w3.org/2001/XMLSchema-instance" xsi:noNamespaceSchemaLocation="https://maven.apache.org/surefire/maven-surefire-plugin/xsd/surefire-test-report.xsd" name="mflix.api.daos.TimeoutsTest" time="6.401" tests="2" errors="2" skipped="0" failures="0">
  <properties>
[...]
</properties>
  <testcase name="testConfiguredConnectionTimeoutMs" classname="mflix.api.daos.TimeoutsTest" time="0.249">
    <error type="java.lang.NullPointerException">java.lang.NullPointerException
	at mflix.api.daos.TimeoutsTest.testConfiguredConnectionTimeoutMs(TimeoutsTest.java:58)
</error>
    <system-out><![CDATA[2021-11-19 10:41:14.399  INFO 1260 --- [           main] .b.t.c.SpringBootTestContextBootstrapper : Neither @ContextConfiguration nor @ContextHierarchy found for test class [mflix.api.daos.TimeoutsTest], using SpringBootContextLoader
2021-11-19 10:41:14.401  INFO 1260 --- [           main] o.s.t.c.support.AbstractContextLoader    : Could not detect default resource locations for test class [mflix.api.daos.TimeoutsTest]: no resource found for suffixes {-context.xml, Context.groovy}.
2021-11-19 10:41:14.406  INFO 1260 --- [           main] .b.t.c.SpringBootTestContextBootstrapper : Loaded default TestExecutionListener class names from location [META-INF/spring.factories]: [org.springframework.boot.test.mock.mockito.MockitoTestExecutionListener, org.springframework.boot.test.mock.mockito.ResetMocksTestExecutionListener, org.springframework.boot.test.autoconfigure.restdocs.RestDocsTestExecutionListener, org.springframework.boot.test.autoconfigure.web.client.MockRestServiceServerResetTestExecutionListener, org.springframework.boot.test.autoconfigure.web.servlet.MockMvcPrintOnlyOnFailureTestExecutionListener, org.springframework.boot.test.autoconfigure.web.servlet.WebDriverTestExecutionListener, org.springframework.test.context.web.ServletTestExecutionListener, org.springframework.test.context.support.DirtiesContextBeforeModesTestExecutionListener, org.springframework.test.context.support.DependencyInjectionTestExecutionListener, org.springframework.test.context.support.DirtiesContextTestExecutionListener, org.springframework.test.context.transaction.TransactionalTestExecutionListener, org.springframework.test.context.jdbc.SqlScriptsTestExecutionListener]
2021-11-19 10:41:14.408  INFO 1260 --- [           main] .b.t.c.SpringBootTestContextBootstrapper : Using TestExecutionListeners: [org.springframework.test.context.web.ServletTestExecutionListener@2b680207, org.springframework.test.context.support.DirtiesContextBeforeModesTestExecutionListener@70887727, org.springframework.boot.test.mock.mockito.MockitoTestExecutionListener@56da7487, org.springframework.boot.test.autoconfigure.SpringBootDependencyInjectionTestExecutionListener@599e4d41, org.springframework.test.context.support.DirtiesContextTestExecutionListener@328d044f, org.springframework.boot.test.mock.mockito.ResetMocksTestExecutionListener@10f7c76, org.springframework.boot.test.autoconfigure.restdocs.RestDocsTestExecutionListener@4745e9c, org.springframework.boot.test.autoconfigure.web.client.MockRestServiceServerResetTestExecutionListener@2f2bff16, org.springframework.boot.test.autoconfigure.web.servlet.MockMvcPrintOnlyOnFailureTestExecutionListener@75de29c0, org.springframework.boot.test.autoconfigure.web.servlet.WebDriverTestExecutionListener@fc807c1]

  .   ____          _            __ _ _
 /\\ / ___'_ __ _ _(_)_ __  __ _ \ \ \ \
( ( )\___ | '_ | '_| | '_ \/ _` | \ \ \ \
 \\/  ___)| |_)| | | | | || (_| |  ) ) ) )
  '  |____| .__|_| |_|_| |_\__, | / / / /
 =========|_|==============|___/=/_/_/_/
 :: Spring Boot ::        (v2.0.4.RELEASE)

2021-11-19 10:41:14.532  INFO 1260 --- [           main] mflix.api.daos.TimeoutsTest              : Starting TimeoutsTest on aliena-Komp with PID 1260 (started by aliena in D:\eclipse-workspace\mflix)
2021-11-19 10:41:14.687  INFO 1260 --- [           main] mflix.api.daos.TimeoutsTest              : No active profile set, falling back to default profiles: default
2021-11-19 10:41:14.728  INFO 1260 --- [           main] o.s.w.c.s.GenericWebApplicationContext   : Refreshing org.springframework.web.context.support.GenericWebApplicationContext@434514d8: startup date [Fri Nov 19 10:41:14 CET 2021]; root of context hierarchy
2021-11-19 10:41:15.807  INFO 1260 --- [ngodb.net:27017] org.mongodb.driver.cluster               : Monitor thread successfully connected to server with description ServerDescription{address=mflix-shard-00-00.lv23k.mongodb.net:27017, type=REPLICA_SET_SECONDARY, state=CONNECTED, ok=true, version=ServerVersion{versionList=[4, 4, 10]}, minWireVersion=0, maxWireVersion=9, maxDocumentSize=16777216, logicalSessionTimeoutMinutes=30, roundTripTimeNanos=233598459, setName='atlas-jkyinw-shard-0', canonicalAddress=mflix-shard-00-00.lv23k.mongodb.net:27017, hosts=[mflix-shard-00-00.lv23k.mongodb.net:27017, mflix-shard-00-01.lv23k.mongodb.net:27017, mflix-shard-00-02.lv23k.mongodb.net:27017], passives=[], arbiters=[], primary='mflix-shard-00-02.lv23k.mongodb.net:27017', tagSet=TagSet{[Tag{name='provider', value='AWS'}, Tag{name='workloadType', value='OPERATIONAL'}, Tag{name='nodeType', value='ELECTABLE'}, Tag{name='region', value='EU_CENTRAL_1'}]}, electionId=null, setVersion=6, lastWriteDate=Fri Nov 19 10:41:17 CET 2021, lastUpdateTimeNanos=423667816174800}
2021-11-19 10:41:16.151  INFO 1260 --- [ngodb.net:27017] org.mongodb.driver.cluster               : Monitor thread successfully connected to server with description ServerDescription{address=mflix-shard-00-02.lv23k.mongodb.net:27017, type=REPLICA_SET_PRIMARY, state=CONNECTED, ok=true, version=ServerVersion{versionList=[4, 4, 10]}, minWireVersion=0, maxWireVersion=9, maxDocumentSize=16777216, logicalSessionTimeoutMinutes=30, roundTripTimeNanos=277123126, setName='atlas-jkyinw-shard-0', canonicalAddress=mflix-shard-00-02.lv23k.mongodb.net:27017, hosts=[mflix-shard-00-00.lv23k.mongodb.net:27017, mflix-shard-00-01.lv23k.mongodb.net:27017, mflix-shard-00-02.lv23k.mongodb.net:27017], passives=[], arbiters=[], primary='mflix-shard-00-02.lv23k.mongodb.net:27017', tagSet=TagSet{[Tag{name='provider', value='AWS'}, Tag{name='nodeType', value='ELECTABLE'}, Tag{name='region', value='EU_CENTRAL_1'}, Tag{name='workloadType', value='OPERATIONAL'}]}, electionId=7fffffff0000000000000085, setVersion=6, lastWriteDate=Fri Nov 19 10:41:17 CET 2021, lastUpdateTimeNanos=423668160480800}
2021-11-19 10:41:16.362  INFO 1260 --- [           main] org.mongodb.driver.cluster               : Cluster created with settings {hosts=[mflix-shard-00-01.lv23k.mongodb.net:27017, mflix-shard-00-00.lv23k.mongodb.net:27017, mflix-shard-00-02.lv23k.mongodb.net:27017], mode=MULTIPLE, requiredClusterType=REPLICA_SET, serverSelectionTimeout='30000 ms', maxWaitQueueSize=500, requiredReplicaSetName='atlas-jkyinw-shard-0'}
2021-11-19 10:41:16.362  INFO 1260 --- [           main] org.mongodb.driver.cluster               : Adding discovered server mflix-shard-00-01.lv23k.mongodb.net:27017 to client view of cluster
2021-11-19 10:41:16.363  INFO 1260 --- [           main] org.mongodb.driver.cluster               : Adding discovered server mflix-shard-00-00.lv23k.mongodb.net:27017 to client view of cluster
2021-11-19 10:41:16.367  INFO 1260 --- [           main] org.mongodb.driver.cluster               : Adding discovered server mflix-shard-00-02.lv23k.mongodb.net:27017 to client view of cluster
2021-11-19 10:41:17.074  INFO 1260 --- [           main] o.s.w.s.handler.SimpleUrlHandlerMapping  : Mapped URL path [/**/favicon.ico] onto handler of type [class org.springframework.web.servlet.resource.ResourceHttpRequestHandler]
2021-11-19 10:41:17.254  INFO 1260 --- [ngodb.net:27017] org.mongodb.driver.connection            : Opened connection [connectionId{localValue:21, serverValue:629}] to mflix-shard-00-01.lv23k.mongodb.net:27017
2021-11-19 10:41:17.328  INFO 1260 --- [ngodb.net:27017] org.mongodb.driver.cluster               : Monitor thread successfully connected to server with description ServerDescription{address=mflix-shard-00-02.lv23k.mongodb.net:27017, type=REPLICA_SET_PRIMARY, state=CONNECTED, ok=true, version=ServerVersion{versionList=[4, 4, 10]}, minWireVersion=0, maxWireVersion=9, maxDocumentSize=16777216, logicalSessionTimeoutMinutes=30, roundTripTimeNanos=324445369, setName='atlas-jkyinw-shard-0', canonicalAddress=mflix-shard-00-02.lv23k.mongodb.net:27017, hosts=[mflix-shard-00-00.lv23k.mongodb.net:27017, mflix-shard-00-01.lv23k.mongodb.net:27017, mflix-shard-00-02.lv23k.mongodb.net:27017], passives=[], arbiters=[], primary='mflix-shard-00-02.lv23k.mongodb.net:27017', tagSet=TagSet{[Tag{name='region', value='EU_CENTRAL_1'}, Tag{name='workloadType', value='OPERATIONAL'}, Tag{name='provider', value='AWS'}, Tag{name='nodeType', value='ELECTABLE'}]}, electionId=7fffffff0000000000000085, setVersion=6, lastWriteDate=Fri Nov 19 10:41:18 CET 2021, lastUpdateTimeNanos=423669337580000}
2021-11-19 10:41:17.374  INFO 1260 --- [ngodb.net:27017] org.mongodb.driver.cluster               : Monitor thread successfully connected to server with description ServerDescription{address=mflix-shard-00-01.lv23k.mongodb.net:27017, type=REPLICA_SET_SECONDARY, state=CONNECTED, ok=true, version=ServerVersion{versionList=[4, 4, 10]}, minWireVersion=0, maxWireVersion=9, maxDocumentSize=16777216, logicalSessionTimeoutMinutes=30, roundTripTimeNanos=120043600, setName='atlas-jkyinw-shard-0', canonicalAddress=mflix-shard-00-01.lv23k.mongodb.net:27017, hosts=[mflix-shard-00-00.lv23k.mongodb.net:27017, mflix-shard-00-01.lv23k.mongodb.net:27017, mflix-shard-00-02.lv23k.mongodb.net:27017], passives=[], arbiters=[], primary='mflix-shard-00-02.lv23k.mongodb.net:27017', tagSet=TagSet{[Tag{name='nodeType', value='ELECTABLE'}, Tag{name='region', value='EU_CENTRAL_1'}, Tag{name='provider', value='AWS'}, Tag{name='workloadType', value='OPERATIONAL'}]}, electionId=null, setVersion=6, lastWriteDate=Fri Nov 19 10:41:18 CET 2021, lastUpdateTimeNanos=423669383454400}
2021-11-19 10:41:17.713  INFO 1260 --- [ngodb.net:27017] org.mongodb.driver.cluster               : Monitor thread successfully connected to server with description ServerDescription{address=mflix-shard-00-01.lv23k.mongodb.net:27017, type=REPLICA_SET_SECONDARY, state=CONNECTED, ok=true, version=ServerVersion{versionList=[4, 4, 10]}, minWireVersion=0, maxWireVersion=9, maxDocumentSize=16777216, logicalSessionTimeoutMinutes=30, roundTripTimeNanos=398638838, setName='atlas-jkyinw-shard-0', canonicalAddress=mflix-shard-00-01.lv23k.mongodb.net:27017, hosts=[mflix-shard-00-00.lv23k.mongodb.net:27017, mflix-shard-00-01.lv23k.mongodb.net:27017, mflix-shard-00-02.lv23k.mongodb.net:27017], passives=[], arbiters=[], primary='mflix-shard-00-02.lv23k.mongodb.net:27017', tagSet=TagSet{[Tag{name='nodeType', value='ELECTABLE'}, Tag{name='region', value='EU_CENTRAL_1'}, Tag{name='provider', value='AWS'}, Tag{name='workloadType', value='OPERATIONAL'}]}, electionId=null, setVersion=6, lastWriteDate=Fri Nov 19 10:41:18 CET 2021, lastUpdateTimeNanos=423669721846300}
2021-11-19 10:41:17.738  INFO 1260 --- [ngodb.net:27017] org.mongodb.driver.connection            : Opened connection [connectionId{localValue:22, serverValue:1034}] to mflix-shard-00-00.lv23k.mongodb.net:27017
2021-11-19 10:41:17.811  INFO 1260 --- [ngodb.net:27017] org.mongodb.driver.cluster               : Monitor thread successfully connected to server with description ServerDescription{address=mflix-shard-00-01.lv23k.mongodb.net:27017, type=REPLICA_SET_SECONDARY, state=CONNECTED, ok=true, version=ServerVersion{versionList=[4, 4, 10]}, minWireVersion=0, maxWireVersion=9, maxDocumentSize=16777216, logicalSessionTimeoutMinutes=30, roundTripTimeNanos=335517696, setName='atlas-jkyinw-shard-0', canonicalAddress=mflix-shard-00-01.lv23k.mongodb.net:27017, hosts=[mflix-shard-00-00.lv23k.mongodb.net:27017, mflix-shard-00-01.lv23k.mongodb.net:27017, mflix-shard-00-02.lv23k.mongodb.net:27017], passives=[], arbiters=[], primary='mflix-shard-00-02.lv23k.mongodb.net:27017', tagSet=TagSet{[Tag{name='nodeType', value='ELECTABLE'}, Tag{name='region', value='EU_CENTRAL_1'}, Tag{name='provider', value='AWS'}, Tag{name='workloadType', value='OPERATIONAL'}]}, electionId=null, setVersion=6, lastWriteDate=Fri Nov 19 10:41:19 CET 2021, lastUpdateTimeNanos=423669819813400}
2021-11-19 10:41:17.811  INFO 1260 --- [ngodb.net:27017] org.mongodb.driver.connection            : Opened connection [connectionId{localValue:23, serverValue:895}] to mflix-shard-00-02.lv23k.mongodb.net:27017
2021-11-19 10:41:18.045  INFO 1260 --- [ngodb.net:27017] org.mongodb.driver.cluster               : Monitor thread successfully connected to server with description ServerDescription{address=mflix-shard-00-01.lv23k.mongodb.net:27017, type=REPLICA_SET_SECONDARY, state=CONNECTED, ok=true, version=ServerVersion{versionList=[4, 4, 10]}, minWireVersion=0, maxWireVersion=9, maxDocumentSize=16777216, logicalSessionTimeoutMinutes=30, roundTripTimeNanos=258801317, setName='atlas-jkyinw-shard-0', canonicalAddress=mflix-shard-00-01.lv23k.mongodb.net:27017, hosts=[mflix-shard-00-00.lv23k.mongodb.net:27017, mflix-shard-00-01.lv23k.mongodb.net:27017, mflix-shard-00-02.lv23k.mongodb.net:27017], passives=[], arbiters=[], primary='mflix-shard-00-02.lv23k.mongodb.net:27017', tagSet=TagSet{[Tag{name='nodeType', value='ELECTABLE'}, Tag{name='region', value='EU_CENTRAL_1'}, Tag{name='provider', value='AWS'}, Tag{name='workloadType', value='OPERATIONAL'}]}, electionId=null, setVersion=6, lastWriteDate=Fri Nov 19 10:41:19 CET 2021, lastUpdateTimeNanos=423670053656600}
2021-11-19 10:41:18.134  INFO 1260 --- [ngodb.net:27017] org.mongodb.driver.cluster               : Monitor thread successfully connected to server with description ServerDescription{address=mflix-shard-00-02.lv23k.mongodb.net:27017, type=REPLICA_SET_PRIMARY, state=CONNECTED, ok=true, version=ServerVersion{versionList=[4, 4, 10]}, minWireVersion=0, maxWireVersion=9, maxDocumentSize=16777216, logicalSessionTimeoutMinutes=30, roundTripTimeNanos=319331300, setName='atlas-jkyinw-shard-0', canonicalAddress=mflix-shard-00-02.lv23k.mongodb.net:27017, hosts=[mflix-shard-00-00.lv23k.mongodb.net:27017, mflix-shard-00-01.lv23k.mongodb.net:27017, mflix-shard-00-02.lv23k.mongodb.net:27017], passives=[], arbiters=[], primary='mflix-shard-00-02.lv23k.mongodb.net:27017', tagSet=TagSet{[Tag{name='provider', value='AWS'}, Tag{name='region', value='EU_CENTRAL_1'}, Tag{name='workloadType', value='OPERATIONAL'}, Tag{name='nodeType', value='ELECTABLE'}]}, electionId=7fffffff0000000000000085, setVersion=6, lastWriteDate=Fri Nov 19 10:41:19 CET 2021, lastUpdateTimeNanos=423670142751500}
2021-11-19 10:41:18.134  INFO 1260 --- [ngodb.net:27017] org.mongodb.driver.cluster               : Setting max election id to 7fffffff0000000000000085 from replica set primary mflix-shard-00-02.lv23k.mongodb.net:27017
2021-11-19 10:41:18.134  INFO 1260 --- [ngodb.net:27017] org.mongodb.driver.cluster               : Setting max set version to 6 from replica set primary mflix-shard-00-02.lv23k.mongodb.net:27017
2021-11-19 10:41:18.135  INFO 1260 --- [ngodb.net:27017] org.mongodb.driver.cluster               : Discovered replica set primary mflix-shard-00-02.lv23k.mongodb.net:27017
2021-11-19 10:41:18.241  INFO 1260 --- [ngodb.net:27017] org.mongodb.driver.cluster               : Monitor thread successfully connected to server with description ServerDescription{address=mflix-shard-00-00.lv23k.mongodb.net:27017, type=REPLICA_SET_SECONDARY, state=CONNECTED, ok=true, version=ServerVersion{versionList=[4, 4, 10]}, minWireVersion=0, maxWireVersion=9, maxDocumentSize=16777216, logicalSessionTimeoutMinutes=30, roundTripTimeNanos=293209414, setName='atlas-jkyinw-shard-0', canonicalAddress=mflix-shard-00-00.lv23k.mongodb.net:27017, hosts=[mflix-shard-00-00.lv23k.mongodb.net:27017, mflix-shard-00-01.lv23k.mongodb.net:27017, mflix-shard-00-02.lv23k.mongodb.net:27017], passives=[], arbiters=[], primary='mflix-shard-00-02.lv23k.mongodb.net:27017', tagSet=TagSet{[Tag{name='provider', value='AWS'}, Tag{name='workloadType', value='OPERATIONAL'}, Tag{name='nodeType', value='ELECTABLE'}, Tag{name='region', value='EU_CENTRAL_1'}]}, electionId=null, setVersion=6, lastWriteDate=Fri Nov 19 10:41:19 CET 2021, lastUpdateTimeNanos=423670250207200}
2021-11-19 10:41:18.248  INFO 1260 --- [ngodb.net:27017] org.mongodb.driver.cluster               : Monitor thread successfully connected to server with description ServerDescription{address=mflix-shard-00-00.lv23k.mongodb.net:27017, type=REPLICA_SET_SECONDARY, state=CONNECTED, ok=true, version=ServerVersion{versionList=[4, 4, 10]}, minWireVersion=0, maxWireVersion=9, maxDocumentSize=16777216, logicalSessionTimeoutMinutes=30, roundTripTimeNanos=509114700, setName='atlas-jkyinw-shard-0', canonicalAddress=mflix-shard-00-00.lv23k.mongodb.net:27017, hosts=[mflix-shard-00-00.lv23k.mongodb.net:27017, mflix-shard-00-01.lv23k.mongodb.net:27017, mflix-shard-00-02.lv23k.mongodb.net:27017], passives=[], arbiters=[], primary='mflix-shard-00-02.lv23k.mongodb.net:27017', tagSet=TagSet{[Tag{name='provider', value='AWS'}, Tag{name='workloadType', value='OPERATIONAL'}, Tag{name='nodeType', value='ELECTABLE'}, Tag{name='region', value='EU_CENTRAL_1'}]}, electionId=null, setVersion=6, lastWriteDate=Fri Nov 19 10:41:19 CET 2021, lastUpdateTimeNanos=423670256948200}
2021-11-19 10:41:18.593  INFO 1260 --- [           main] s.w.s.m.m.a.RequestMappingHandlerAdapter : Looking for @ControllerAdvice: org.springframework.web.context.support.GenericWebApplicationContext@434514d8: startup date [Fri Nov 19 10:41:14 CET 2021]; root of context hierarchy
2021-11-19 10:41:18.749  INFO 1260 --- [           main] s.w.s.m.m.a.RequestMappingHandlerMapping : Mapped "{[/error]}" onto public org.springframework.http.ResponseEntity<java.util.Map<java.lang.String, java.lang.Object>> org.springframework.boot.autoconfigure.web.servlet.error.BasicErrorController.error(javax.servlet.http.HttpServletRequest)
2021-11-19 10:41:18.779  INFO 1260 --- [           main] s.w.s.m.m.a.RequestMappingHandlerMapping : Mapped "{[/error],produces=[text/html]}" onto public org.springframework.web.servlet.ModelAndView org.springframework.boot.autoconfigure.web.servlet.error.BasicErrorController.errorHtml(javax.servlet.http.HttpServletRequest,javax.servlet.http.HttpServletResponse)
2021-11-19 10:41:18.983  INFO 1260 --- [           main] o.s.w.s.handler.SimpleUrlHandlerMapping  : Mapped URL path [/webjars/**] onto handler of type [class org.springframework.web.servlet.resource.ResourceHttpRequestHandler]
2021-11-19 10:41:19.001  INFO 1260 --- [           main] o.s.w.s.handler.SimpleUrlHandlerMapping  : Mapped URL path [/**] onto handler of type [class org.springframework.web.servlet.resource.ResourceHttpRequestHandler]
2021-11-19 10:41:19.164  INFO 1260 --- [           main] o.s.b.a.w.s.WelcomePageHandlerMapping    : Adding welcome page: class path resource [build/index.html]
2021-11-19 10:41:19.585  INFO 1260 --- [           main] .s.s.UserDetailsServiceAutoConfiguration : 

Using generated security password: 3314fd6e-f2a8-4677-98ab-557a0bcb6e59

2021-11-19 10:41:19.827  INFO 1260 --- [ngodb.net:27017] org.mongodb.driver.cluster               : Monitor thread successfully connected to server with description ServerDescription{address=mflix-shard-00-01.lv23k.mongodb.net:27017, type=REPLICA_SET_SECONDARY, state=CONNECTED, ok=true, version=ServerVersion{versionList=[4, 4, 10]}, minWireVersion=0, maxWireVersion=9, maxDocumentSize=16777216, logicalSessionTimeoutMinutes=30, roundTripTimeNanos=266435174, setName='atlas-jkyinw-shard-0', canonicalAddress=mflix-shard-00-01.lv23k.mongodb.net:27017, hosts=[mflix-shard-00-00.lv23k.mongodb.net:27017, mflix-shard-00-01.lv23k.mongodb.net:27017, mflix-shard-00-02.lv23k.mongodb.net:27017], passives=[], arbiters=[], primary='mflix-shard-00-02.lv23k.mongodb.net:27017', tagSet=TagSet{[Tag{name='nodeType', value='ELECTABLE'}, Tag{name='region', value='EU_CENTRAL_1'}, Tag{name='provider', value='AWS'}, Tag{name='workloadType', value='OPERATIONAL'}]}, electionId=null, setVersion=6, lastWriteDate=Fri Nov 19 10:41:21 CET 2021, lastUpdateTimeNanos=423671835727500}
2021-11-19 10:41:19.935  INFO 1260 --- [ngodb.net:27017] org.mongodb.driver.cluster               : Monitor thread successfully connected to server with description ServerDescription{address=mflix-shard-00-00.lv23k.mongodb.net:27017, type=REPLICA_SET_SECONDARY, state=CONNECTED, ok=true, version=ServerVersion{versionList=[4, 4, 10]}, minWireVersion=0, maxWireVersion=9, maxDocumentSize=16777216, logicalSessionTimeoutMinutes=30, roundTripTimeNanos=274563850, setName='atlas-jkyinw-shard-0', canonicalAddress=mflix-shard-00-00.lv23k.mongodb.net:27017, hosts=[mflix-shard-00-00.lv23k.mongodb.net:27017, mflix-shard-00-01.lv23k.mongodb.net:27017, mflix-shard-00-02.lv23k.mongodb.net:27017], passives=[], arbiters=[], primary='mflix-shard-00-02.lv23k.mongodb.net:27017', tagSet=TagSet{[Tag{name='provider', value='AWS'}, Tag{name='workloadType', value='OPERATIONAL'}, Tag{name='nodeType', value='ELECTABLE'}, Tag{name='region', value='EU_CENTRAL_1'}]}, electionId=null, setVersion=6, lastWriteDate=Fri Nov 19 10:41:21 CET 2021, lastUpdateTimeNanos=423671943996300}
2021-11-19 10:41:20.001  INFO 1260 --- [           main] o.s.s.web.DefaultSecurityFilterChain     : Creating filter chain: org.springframework.security.web.util.matcher.AnyRequestMatcher@1, [org.springframework.security.web.context.request.async.WebAsyncManagerIntegrationFilter@61ab89b0, org.springframework.security.web.context.SecurityContextPersistenceFilter@1cdc1bbc, org.springframework.security.web.header.HeaderWriterFilter@630b6190, org.springframework.security.web.csrf.CsrfFilter@5922d3e9, org.springframework.security.web.authentication.logout.LogoutFilter@39e69ea7, org.springframework.security.web.authentication.UsernamePasswordAuthenticationFilter@4779aae6, org.springframework.security.web.authentication.ui.DefaultLoginPageGeneratingFilter@459b6c53, org.springframework.security.web.authentication.www.BasicAuthenticationFilter@2cd62003, org.springframework.security.web.savedrequest.RequestCacheAwareFilter@5f95f1e1, org.springframework.security.web.servletapi.SecurityContextHolderAwareRequestFilter@672a1c62, org.springframework.security.web.authentication.AnonymousAuthenticationFilter@5478ce1e, org.springframework.security.web.session.SessionManagementFilter@532e27ab, org.springframework.security.web.access.ExceptionTranslationFilter@7d57dbb5, org.springframework.security.web.access.intercept.FilterSecurityInterceptor@6d0b0da6]
2021-11-19 10:41:20.314  INFO 1260 --- [           main] mflix.api.daos.TimeoutsTest              : Started TimeoutsTest in 5.901 seconds (JVM running for 109.743)
2021-11-19 10:41:20.436  INFO 1260 --- [           main] org.mongodb.driver.cluster               : Cluster created with settings {hosts=[mflix-shard-00-02.lv23k.mongodb.net:27017, mflix-shard-00-00.lv23k.mongodb.net:27017, mflix-shard-00-01.lv23k.mongodb.net:27017], mode=MULTIPLE, requiredClusterType=REPLICA_SET, serverSelectionTimeout='30000 ms', maxWaitQueueSize=500, requiredReplicaSetName='atlas-jkyinw-shard-0'}
2021-11-19 10:41:20.437  INFO 1260 --- [           main] org.mongodb.driver.cluster               : Adding discovered server mflix-shard-00-02.lv23k.mongodb.net:27017 to client view of cluster
2021-11-19 10:41:20.438  INFO 1260 --- [           main] org.mongodb.driver.cluster               : Adding discovered server mflix-shard-00-00.lv23k.mongodb.net:27017 to client view of cluster
2021-11-19 10:41:20.439  INFO 1260 --- [           main] org.mongodb.driver.cluster               : Adding discovered server mflix-shard-00-01.lv23k.mongodb.net:27017 to client view of cluster
]]></system-out>
  </testcase>
  <testcase name="testConfiguredWtimeout" classname="mflix.api.daos.TimeoutsTest" time="0.258">
    <error type="java.lang.NullPointerException">java.lang.NullPointerException
	at mflix.api.daos.TimeoutsTest.testConfiguredWtimeout(TimeoutsTest.java:49)
</error>
    <system-out><![CDATA[2021-11-19 10:41:20.716  INFO 1260 --- [           main] org.mongodb.driver.cluster               : Cluster created with settings {hosts=[mflix-shard-00-02.lv23k.mongodb.net:27017, mflix-shard-00-00.lv23k.mongodb.net:27017, mflix-shard-00-01.lv23k.mongodb.net:27017], mode=MULTIPLE, requiredClusterType=REPLICA_SET, serverSelectionTimeout='30000 ms', maxWaitQueueSize=500, requiredReplicaSetName='atlas-jkyinw-shard-0'}
2021-11-19 10:41:20.716  INFO 1260 --- [           main] org.mongodb.driver.cluster               : Adding discovered server mflix-shard-00-02.lv23k.mongodb.net:27017 to client view of cluster
2021-11-19 10:41:20.717  INFO 1260 --- [           main] org.mongodb.driver.cluster               : Adding discovered server mflix-shard-00-00.lv23k.mongodb.net:27017 to client view of cluster
2021-11-19 10:41:20.718  INFO 1260 --- [           main] org.mongodb.driver.cluster               : Adding discovered server mflix-shard-00-01.lv23k.mongodb.net:27017 to client view of cluster
]]></system-out>
  </testcase>
</testsuite>