<?xml version="1.0" encoding="UTF-8"?>
<testsuite xmlns:xsi="http://www.w3.org/2001/XMLSchema-instance" xsi:noNamespaceSchemaLocation="https://maven.apache.org/surefire/maven-surefire-plugin/xsd/surefire-test-report.xsd" name="mflix.api.daos.UpdateCreateCommentTest" time="0.929" tests="5" errors="0" skipped="0" failures="4">
  <properties>
[...]
</properties>
  <testcase name="testUserAddCommentWithNoID" classname="mflix.api.daos.UpdateCreateCommentTest" time="0">
    <failure message="Expected exception: mflix.api.daos.IncorrectDaoOperation" type="java.lang.AssertionError">java.lang.AssertionError: Expected exception: mflix.api.daos.IncorrectDaoOperation
</failure>
    <system-out><![CDATA[2021-11-19 10:41:20.724  INFO 1260 --- [           main] .b.t.c.SpringBootTestContextBootstrapper : Neither @ContextConfiguration nor @ContextHierarchy found for test class [mflix.api.daos.UpdateCreateCommentTest], using SpringBootContextLoader
2021-11-19 10:41:20.725  INFO 1260 --- [           main] o.s.t.c.support.AbstractContextLoader    : Could not detect default resource locations for test class [mflix.api.daos.UpdateCreateCommentTest]: no resource found for suffixes {-context.xml, Context.groovy}.
2021-11-19 10:41:20.740  INFO 1260 --- [           main] .b.t.c.SpringBootTestContextBootstrapper : Loaded default TestExecutionListener class names from location [META-INF/spring.factories]: [org.springframework.boot.test.mock.mockito.MockitoTestExecutionListener, org.springframework.boot.test.mock.mockito.ResetMocksTestExecutionListener, org.springframework.boot.test.autoconfigure.restdocs.RestDocsTestExecutionListener, org.springframework.boot.test.autoconfigure.web.client.MockRestServiceServerResetTestExecutionListener, org.springframework.boot.test.autoconfigure.web.servlet.MockMvcPrintOnlyOnFailureTestExecutionListener, org.springframework.boot.test.autoconfigure.web.servlet.WebDriverTestExecutionListener, org.springframework.test.context.web.ServletTestExecutionListener, org.springframework.test.context.support.DirtiesContextBeforeModesTestExecutionListener, org.springframework.test.context.support.DependencyInjectionTestExecutionListener, org.springframework.test.context.support.DirtiesContextTestExecutionListener, org.springframework.test.context.transaction.TransactionalTestExecutionListener, org.springframework.test.context.jdbc.SqlScriptsTestExecutionListener]
2021-11-19 10:41:20.742  INFO 1260 --- [           main] .b.t.c.SpringBootTestContextBootstrapper : Using TestExecutionListeners: [org.springframework.test.context.web.ServletTestExecutionListener@770beef5, org.springframework.test.context.support.DirtiesContextBeforeModesTestExecutionListener@6dd1f638, org.springframework.boot.test.mock.mockito.MockitoTestExecutionListener@414f13fc, org.springframework.boot.test.autoconfigure.SpringBootDependencyInjectionTestExecutionListener@4b76aa5a, org.springframework.test.context.support.DirtiesContextTestExecutionListener@63a28987, org.springframework.boot.test.mock.mockito.ResetMocksTestExecutionListener@120d3fd, org.springframework.boot.test.autoconfigure.restdocs.RestDocsTestExecutionListener@38c9e0d6, org.springframework.boot.test.autoconfigure.web.client.MockRestServiceServerResetTestExecutionListener@4693a9ef, org.springframework.boot.test.autoconfigure.web.servlet.MockMvcPrintOnlyOnFailureTestExecutionListener@310aee0b, org.springframework.boot.test.autoconfigure.web.servlet.WebDriverTestExecutionListener@36327cec]
]]></system-out>
  </testcase>
  <testcase name="testAddCommentUsingObjectId" classname="mflix.api.daos.UpdateCreateCommentTest" time="0.217">
    <failure type="java.lang.AssertionError">java.lang.AssertionError
	at mflix.api.daos.UpdateCreateCommentTest.testAddCommentUsingObjectId(UpdateCreateCommentTest.java:157)
</failure>
    <system-out><![CDATA[2021-11-19 10:41:21.131  INFO 1260 --- [ngodb.net:27017] org.mongodb.driver.cluster               : Monitor thread successfully connected to server with description ServerDescription{address=mflix-shard-00-02.lv23k.mongodb.net:27017, type=REPLICA_SET_PRIMARY, state=CONNECTED, ok=true, version=ServerVersion{versionList=[4, 4, 10]}, minWireVersion=0, maxWireVersion=9, maxDocumentSize=16777216, logicalSessionTimeoutMinutes=30, roundTripTimeNanos=249871640, setName='atlas-jkyinw-shard-0', canonicalAddress=mflix-shard-00-02.lv23k.mongodb.net:27017, hosts=[mflix-shard-00-00.lv23k.mongodb.net:27017, mflix-shard-00-01.lv23k.mongodb.net:27017, mflix-shard-00-02.lv23k.mongodb.net:27017], passives=[], arbiters=[], primary='mflix-shard-00-02.lv23k.mongodb.net:27017', tagSet=TagSet{[Tag{name='provider', value='AWS'}, Tag{name='nodeType', value='ELECTABLE'}, Tag{name='region', value='EU_CENTRAL_1'}, Tag{name='workloadType', value='OPERATIONAL'}]}, electionId=7fffffff0000000000000085, setVersion=6, lastWriteDate=Fri Nov 19 10:41:22 CET 2021, lastUpdateTimeNanos=423673139987100}
2021-11-19 10:41:21.147  INFO 1260 --- [ngodb.net:27017] org.mongodb.driver.connection            : Opened connection [connectionId{localValue:24, serverValue:894}] to mflix-shard-00-02.lv23k.mongodb.net:27017
2021-11-19 10:41:21.148  INFO 1260 --- [ngodb.net:27017] org.mongodb.driver.connection            : Opened connection [connectionId{localValue:26, serverValue:640}] to mflix-shard-00-01.lv23k.mongodb.net:27017
2021-11-19 10:41:21.150  INFO 1260 --- [ngodb.net:27017] org.mongodb.driver.connection            : Opened connection [connectionId{localValue:25, serverValue:1038}] to mflix-shard-00-00.lv23k.mongodb.net:27017
2021-11-19 10:41:21.224  INFO 1260 --- [ngodb.net:27017] org.mongodb.driver.cluster               : Monitor thread successfully connected to server with description ServerDescription{address=mflix-shard-00-02.lv23k.mongodb.net:27017, type=REPLICA_SET_PRIMARY, state=CONNECTED, ok=true, version=ServerVersion{versionList=[4, 4, 10]}, minWireVersion=0, maxWireVersion=9, maxDocumentSize=16777216, logicalSessionTimeoutMinutes=30, roundTripTimeNanos=76422600, setName='atlas-jkyinw-shard-0', canonicalAddress=mflix-shard-00-02.lv23k.mongodb.net:27017, hosts=[mflix-shard-00-00.lv23k.mongodb.net:27017, mflix-shard-00-01.lv23k.mongodb.net:27017, mflix-shard-00-02.lv23k.mongodb.net:27017], passives=[], arbiters=[], primary='mflix-shard-00-02.lv23k.mongodb.net:27017', tagSet=TagSet{[Tag{name='workloadType', value='OPERATIONAL'}, Tag{name='provider', value='AWS'}, Tag{name='nodeType', value='ELECTABLE'}, Tag{name='region', value='EU_CENTRAL_1'}]}, electionId=7fffffff0000000000000085, setVersion=6, lastWriteDate=Fri Nov 19 10:41:23 CET 2021, lastUpdateTimeNanos=423673233353800}
2021-11-19 10:41:21.225  INFO 1260 --- [ngodb.net:27017] org.mongodb.driver.cluster               : Setting max election id to 7fffffff0000000000000085 from replica set primary mflix-shard-00-02.lv23k.mongodb.net:27017
2021-11-19 10:41:21.225  INFO 1260 --- [ngodb.net:27017] org.mongodb.driver.cluster               : Setting max set version to 6 from replica set primary mflix-shard-00-02.lv23k.mongodb.net:27017
2021-11-19 10:41:21.225  INFO 1260 --- [ngodb.net:27017] org.mongodb.driver.cluster               : Discovered replica set primary mflix-shard-00-02.lv23k.mongodb.net:27017
]]></system-out>
  </testcase>
  <testcase name="testUserUpdatesOwnComments" classname="mflix.api.daos.UpdateCreateCommentTest" time="0.192">
    <failure message="Should be able to update his own comments. Check updateComment implementation" type="java.lang.AssertionError">java.lang.AssertionError: Should be able to update his own comments. Check updateComment implementation
	at mflix.api.daos.UpdateCreateCommentTest.testUserUpdatesOwnComments(UpdateCreateCommentTest.java:87)
</failure>
    <system-out><![CDATA[2021-11-19 10:41:21.241  INFO 1260 --- [ngodb.net:27017] org.mongodb.driver.cluster               : Monitor thread successfully connected to server with description ServerDescription{address=mflix-shard-00-00.lv23k.mongodb.net:27017, type=REPLICA_SET_SECONDARY, state=CONNECTED, ok=true, version=ServerVersion{versionList=[4, 4, 10]}, minWireVersion=0, maxWireVersion=9, maxDocumentSize=16777216, logicalSessionTimeoutMinutes=30, roundTripTimeNanos=90370200, setName='atlas-jkyinw-shard-0', canonicalAddress=mflix-shard-00-00.lv23k.mongodb.net:27017, hosts=[mflix-shard-00-00.lv23k.mongodb.net:27017, mflix-shard-00-01.lv23k.mongodb.net:27017, mflix-shard-00-02.lv23k.mongodb.net:27017], passives=[], arbiters=[], primary='mflix-shard-00-02.lv23k.mongodb.net:27017', tagSet=TagSet{[Tag{name='provider', value='AWS'}, Tag{name='nodeType', value='ELECTABLE'}, Tag{name='workloadType', value='OPERATIONAL'}, Tag{name='region', value='EU_CENTRAL_1'}]}, electionId=null, setVersion=6, lastWriteDate=Fri Nov 19 10:41:23 CET 2021, lastUpdateTimeNanos=423673250864100}
2021-11-19 10:41:21.312  INFO 1260 --- [ngodb.net:27017] org.mongodb.driver.cluster               : Monitor thread successfully connected to server with description ServerDescription{address=mflix-shard-00-01.lv23k.mongodb.net:27017, type=REPLICA_SET_SECONDARY, state=CONNECTED, ok=true, version=ServerVersion{versionList=[4, 4, 10]}, minWireVersion=0, maxWireVersion=9, maxDocumentSize=16777216, logicalSessionTimeoutMinutes=30, roundTripTimeNanos=162875700, setName='atlas-jkyinw-shard-0', canonicalAddress=mflix-shard-00-01.lv23k.mongodb.net:27017, hosts=[mflix-shard-00-00.lv23k.mongodb.net:27017, mflix-shard-00-01.lv23k.mongodb.net:27017, mflix-shard-00-02.lv23k.mongodb.net:27017], passives=[], arbiters=[], primary='mflix-shard-00-02.lv23k.mongodb.net:27017', tagSet=TagSet{[Tag{name='workloadType', value='OPERATIONAL'}, Tag{name='nodeType', value='ELECTABLE'}, Tag{name='region', value='EU_CENTRAL_1'}, Tag{name='provider', value='AWS'}]}, electionId=null, setVersion=6, lastWriteDate=Fri Nov 19 10:41:23 CET 2021, lastUpdateTimeNanos=423673321176000}
]]></system-out>
  </testcase>
  <testcase name="testUserFailsUpdateOthersComments" classname="mflix.api.daos.UpdateCreateCommentTest" time="0.248"/>
  <testcase name="testAddCommentWithId" classname="mflix.api.daos.UpdateCreateCommentTest" time="0.106">
    <failure message="Comment should have been correctly added. Check your addComments method" type="java.lang.AssertionError">java.lang.AssertionError: Comment should have been correctly added. Check your addComments method
	at mflix.api.daos.UpdateCreateCommentTest.testAddCommentWithId(UpdateCreateCommentTest.java:127)
</failure>
    <system-out><![CDATA[2021-11-19 10:41:21.639  INFO 1260 --- [ngodb.net:27017] org.mongodb.driver.connection            : Opened connection [connectionId{localValue:29, serverValue:640}] to mflix-shard-00-01.lv23k.mongodb.net:27017
2021-11-19 10:41:21.670  INFO 1260 --- [ngodb.net:27017] org.mongodb.driver.cluster               : Monitor thread successfully connected to server with description ServerDescription{address=mflix-shard-00-00.lv23k.mongodb.net:27017, type=REPLICA_SET_SECONDARY, state=CONNECTED, ok=true, version=ServerVersion{versionList=[4, 4, 10]}, minWireVersion=0, maxWireVersion=9, maxDocumentSize=16777216, logicalSessionTimeoutMinutes=30, roundTripTimeNanos=77028300, setName='atlas-jkyinw-shard-0', canonicalAddress=mflix-shard-00-00.lv23k.mongodb.net:27017, hosts=[mflix-shard-00-00.lv23k.mongodb.net:27017, mflix-shard-00-01.lv23k.mongodb.net:27017, mflix-shard-00-02.lv23k.mongodb.net:27017], passives=[], arbiters=[], primary='mflix-shard-00-02.lv23k.mongodb.net:27017', tagSet=TagSet{[Tag{name='provider', value='AWS'}, Tag{name='nodeType', value='ELECTABLE'}, Tag{name='workloadType', value='OPERATIONAL'}, Tag{name='region', value='EU_CENTRAL_1'}]}, electionId=null, setVersion=6, lastWriteDate=Fri Nov 19 10:41:23 CET 2021, lastUpdateTimeNanos=423673678843300}
2021-11-19 10:41:21.740  INFO 1260 --- [ngodb.net:27017] org.mongodb.driver.cluster               : Monitor thread successfully connected to server with description ServerDescription{address=mflix-shard-00-01.lv23k.mongodb.net:27017, type=REPLICA_SET_SECONDARY, state=CONNECTED, ok=true, version=ServerVersion{versionList=[4, 4, 10]}, minWireVersion=0, maxWireVersion=9, maxDocumentSize=16777216, logicalSessionTimeoutMinutes=30, roundTripTimeNanos=98914600, setName='atlas-jkyinw-shard-0', canonicalAddress=mflix-shard-00-01.lv23k.mongodb.net:27017, hosts=[mflix-shard-00-00.lv23k.mongodb.net:27017, mflix-shard-00-01.lv23k.mongodb.net:27017, mflix-shard-00-02.lv23k.mongodb.net:27017], passives=[], arbiters=[], primary='mflix-shard-00-02.lv23k.mongodb.net:27017', tagSet=TagSet{[Tag{name='workloadType', value='OPERATIONAL'}, Tag{name='nodeType', value='ELECTABLE'}, Tag{name='region', value='EU_CENTRAL_1'}, Tag{name='provider', value='AWS'}]}, electionId=null, setVersion=6, lastWriteDate=Fri Nov 19 10:41:23 CET 2021, lastUpdateTimeNanos=423673749193600}
]]></system-out>
  </testcase>
</testsuite>