<?xml version="1.0" encoding="UTF-8"?>
<testsuite xmlns:xsi="http://www.w3.org/2001/XMLSchema-instance" xsi:noNamespaceSchemaLocation="https://maven.apache.org/surefire/maven-surefire-plugin/xsd/surefire-test-report.xsd" name="mflix.api.daos.UserTest" time="1.406" tests="4" errors="1" skipped="0" failures="3">
  <properties>
[...]
</properties>
  <testcase name="testLogin" classname="mflix.api.daos.UserTest" time="0.255">
    <failure message="Should be able to create user sesssion." type="java.lang.AssertionError">java.lang.AssertionError: Should be able to create user sesssion.
	at mflix.api.daos.UserTest.testLogin(UserTest.java:80)
</failure>
    <system-out><![CDATA[2021-11-19 10:41:22.271  INFO 1260 --- [           main] .b.t.c.SpringBootTestContextBootstrapper : Neither @ContextConfiguration nor @ContextHierarchy found for test class [mflix.api.daos.UserTest], using SpringBootContextLoader
2021-11-19 10:41:22.279  INFO 1260 --- [           main] o.s.t.c.support.AbstractContextLoader    : Could not detect default resource locations for test class [mflix.api.daos.UserTest]: no resource found for suffixes {-context.xml, Context.groovy}.
2021-11-19 10:41:22.286  INFO 1260 --- [           main] .b.t.c.SpringBootTestContextBootstrapper : Loaded default TestExecutionListener class names from location [META-INF/spring.factories]: [org.springframework.boot.test.mock.mockito.MockitoTestExecutionListener, org.springframework.boot.test.mock.mockito.ResetMocksTestExecutionListener, org.springframework.boot.test.autoconfigure.restdocs.RestDocsTestExecutionListener, org.springframework.boot.test.autoconfigure.web.client.MockRestServiceServerResetTestExecutionListener, org.springframework.boot.test.autoconfigure.web.servlet.MockMvcPrintOnlyOnFailureTestExecutionListener, org.springframework.boot.test.autoconfigure.web.servlet.WebDriverTestExecutionListener, org.springframework.test.context.web.ServletTestExecutionListener, org.springframework.test.context.support.DirtiesContextBeforeModesTestExecutionListener, org.springframework.test.context.support.DependencyInjectionTestExecutionListener, org.springframework.test.context.support.DirtiesContextTestExecutionListener, org.springframework.test.context.transaction.TransactionalTestExecutionListener, org.springframework.test.context.jdbc.SqlScriptsTestExecutionListener]
2021-11-19 10:41:22.287  INFO 1260 --- [           main] .b.t.c.SpringBootTestContextBootstrapper : Using TestExecutionListeners: [org.springframework.test.context.web.ServletTestExecutionListener@6415f61e, org.springframework.test.context.support.DirtiesContextBeforeModesTestExecutionListener@334ebcaa, org.springframework.boot.test.mock.mockito.MockitoTestExecutionListener@5a0bef24, org.springframework.boot.test.autoconfigure.SpringBootDependencyInjectionTestExecutionListener@6468a7b6, org.springframework.test.context.support.DirtiesContextTestExecutionListener@2f860823, org.springframework.boot.test.mock.mockito.ResetMocksTestExecutionListener@696b4a95, org.springframework.boot.test.autoconfigure.restdocs.RestDocsTestExecutionListener@6c1cfa53, org.springframework.boot.test.autoconfigure.web.client.MockRestServiceServerResetTestExecutionListener@4d68b571, org.springframework.boot.test.autoconfigure.web.servlet.MockMvcPrintOnlyOnFailureTestExecutionListener@52b06bef, org.springframework.boot.test.autoconfigure.web.servlet.WebDriverTestExecutionListener@61bcbcce]
]]></system-out>
  </testcase>
  <testcase name="testRegisterUser" classname="mflix.api.daos.UserTest" time="0.348">
    <error type="java.lang.NullPointerException">java.lang.NullPointerException
	at mflix.api.daos.UserTest.testRegisterUser(UserTest.java:71)
</error>
  </testcase>
  <testcase name="testDeleteUser" classname="mflix.api.daos.UserTest" time="0.338">
    <failure message="You should be able to delete correctly the testDb user. Check your delete filter" type="java.lang.AssertionError">java.lang.AssertionError: You should be able to delete correctly the testDb user. Check your delete filter
	at mflix.api.daos.UserTest.testDeleteUser(UserTest.java:107)
</failure>
  </testcase>
  <testcase name="testLogout" classname="mflix.api.daos.UserTest" time="0.437">
    <failure message="Should have deleted user from sessions collection - check your logout method" type="java.lang.AssertionError">java.lang.AssertionError: Should have deleted user from sessions collection - check your logout method
	at mflix.api.daos.UserTest.testLogout(UserTest.java:97)
</failure>
  </testcase>
</testsuite>