<?xml version="1.0" encoding="UTF-8"?>
<testsuite xmlns:xsi="http://www.w3.org/2001/XMLSchema-instance" xsi:noNamespaceSchemaLocation="https://maven.apache.org/surefire/maven-surefire-plugin/xsd/surefire-test-report.xsd" name="mflix.api.daos.GetCommentsTest" time="0.082" tests="3" errors="2" skipped="0" failures="0">
  <properties>
[...]
</properties>
  <testcase name="testGetMovieComments" classname="mflix.api.daos.GetCommentsTest" time="0">
    <error type="java.lang.NullPointerException">java.lang.NullPointerException
	at mflix.api.daos.GetCommentsTest.testGetMovieComments(GetCommentsTest.java:72)
</error>
    <system-out><![CDATA[2021-11-19 10:40:01.504  INFO 1260 --- [           main] .b.t.c.SpringBootTestContextBootstrapper : Neither @ContextConfiguration nor @ContextHierarchy found for test class [mflix.api.daos.GetCommentsTest], using SpringBootContextLoader
2021-11-19 10:40:01.505  INFO 1260 --- [           main] o.s.t.c.support.AbstractContextLoader    : Could not detect default resource locations for test class [mflix.api.daos.GetCommentsTest]: no resource found for suffixes {-context.xml, Context.groovy}.
2021-11-19 10:40:01.515  INFO 1260 --- [           main] .b.t.c.SpringBootTestContextBootstrapper : Loaded default TestExecutionListener class names from location [META-INF/spring.factories]: [org.springframework.boot.test.mock.mockito.MockitoTestExecutionListener, org.springframework.boot.test.mock.mockito.ResetMocksTestExecutionListener, org.springframework.boot.test.autoconfigure.restdocs.RestDocsTestExecutionListener, org.springframework.boot.test.autoconfigure.web.client.MockRestServiceServerResetTestExecutionListener, org.springframework.boot.test.autoconfigure.web.servlet.MockMvcPrintOnlyOnFailureTestExecutionListener, org.springframework.boot.test.autoconfigure.web.servlet.WebDriverTestExecutionListener, org.springframework.test.context.web.ServletTestExecutionListener, org.springframework.test.context.support.DirtiesContextBeforeModesTestExecutionListener, org.springframework.test.context.support.DependencyInjectionTestExecutionListener, org.springframework.test.context.support.DirtiesContextTestExecutionListener, org.springframework.test.context.transaction.TransactionalTestExecutionListener, org.springframework.test.context.jdbc.SqlScriptsTestExecutionListener]
2021-11-19 10:40:01.519  INFO 1260 --- [           main] .b.t.c.SpringBootTestContextBootstrapper : Using TestExecutionListeners: [org.springframework.test.context.web.ServletTestExecutionListener@14823f76, org.springframework.test.context.support.DirtiesContextBeforeModesTestExecutionListener@6917bb4, org.springframework.boot.test.mock.mockito.MockitoTestExecutionListener@6ed16657, org.springframework.boot.test.autoconfigure.SpringBootDependencyInjectionTestExecutionListener@1442f788, org.springframework.test.context.support.DirtiesContextTestExecutionListener@113e13f9, org.springframework.boot.test.mock.mockito.ResetMocksTestExecutionListener@1c7f96b1, org.springframework.boot.test.autoconfigure.restdocs.RestDocsTestExecutionListener@7979b8b7, org.springframework.boot.test.autoconfigure.web.client.MockRestServiceServerResetTestExecutionListener@7a04fea7, org.springframework.boot.test.autoconfigure.web.servlet.MockMvcPrintOnlyOnFailureTestExecutionListener@1bc49bc5, org.springframework.boot.test.autoconfigure.web.servlet.WebDriverTestExecutionListener@7b6e5c12]
]]></system-out>
  </testcase>
  <testcase name="testInsertedComment" classname="mflix.api.daos.GetCommentsTest" time="0">
    <error type="java.lang.NullPointerException">java.lang.NullPointerException
	at mflix.api.daos.GetCommentsTest.testInsertedComment(GetCommentsTest.java:96)
</error>
  </testcase>
  <testcase name="testCommentsMovieIdNonExisting" classname="mflix.api.daos.GetCommentsTest" time="0"/>
</testsuite>